<?xml version="1.0" encoding="UTF-8"?>
<testng-results ignored="0" total="1" passed="0" failed="1" skipped="0">
  <reporter-output>
  </reporter-output>
  <suite started-at="2020-10-05T14:21:14 ART" name="Suite" finished-at="2020-10-05T14:21:27 ART" duration-ms="12841">
    <groups>
    </groups>
    <test started-at="2020-10-05T14:21:14 ART" name="Test" finished-at="2020-10-05T14:21:27 ART" duration-ms="12841">
      <class name="com.guru99.test.LoginTest">
        <test-method is-config="true" signature="preSetUp()[pri:0, instance:com.guru99.test.LoginTest@3059cbc]" started-at="2020-10-05T14:21:14 ART" name="preSetUp" finished-at="2020-10-05T14:21:14 ART" duration-ms="239" status="PASS">
          <reporter-output>
          </reporter-output>
        </test-method> <!-- preSetUp -->
        <test-method is-config="true" signature="setUp()[pri:0, instance:com.guru99.test.LoginTest@3059cbc]" started-at="2020-10-05T14:21:14 ART" name="setUp" finished-at="2020-10-05T14:21:24 ART" duration-ms="9966" status="PASS">
          <reporter-output>
          </reporter-output>
        </test-method> <!-- setUp -->
        <test-method signature="verifyLoginWithCorrectCredentials(java.lang.String, java.lang.String)[pri:0, instance:com.guru99.test.LoginTest@3059cbc]" started-at="2020-10-05T14:21:24 ART" name="verifyLoginWithCorrectCredentials" finished-at="2020-10-05T14:21:26 ART" duration-ms="1464" status="FAIL">
          <params>
            <param index="0">
              <value>
                <![CDATA[mngr281525]]>
              </value>
            </param>
            <param index="1">
              <value>
                <![CDATA[vugAvAz]]>
              </value>
            </param>
          </params>
          <exception class="java.lang.AssertionError">
            <message>
              <![CDATA[expected [Guru99 Bank Manager Home Page] but found [Guru99 Bank Manager HomePage]]]>
            </message>
            <full-stacktrace>
              <![CDATA[java.lang.AssertionError: expected [Guru99 Bank Manager Home Page] but found [Guru99 Bank Manager HomePage]
at org.testng.Assert.fail(Assert.java:99)
at org.testng.Assert.failNotEquals(Assert.java:1037)
at org.testng.Assert.assertEqualsImpl(Assert.java:140)
at org.testng.Assert.assertEquals(Assert.java:122)
at org.testng.Assert.assertEquals(Assert.java:629)
at org.testng.Assert.assertEquals(Assert.java:639)
at com.guru99.test.LoginTest.verifyLoginWithCorrectCredentials(LoginTest.java:25)
at java.base/jdk.internal.reflect.NativeMethodAccessorImpl.invoke0(Native Method)
at java.base/jdk.internal.reflect.NativeMethodAccessorImpl.invoke(NativeMethodAccessorImpl.java:62)
at java.base/jdk.internal.reflect.DelegatingMethodAccessorImpl.invoke(DelegatingMethodAccessorImpl.java:43)
at java.base/java.lang.reflect.Method.invoke(Method.java:564)
at org.testng.internal.MethodInvocationHelper.invokeMethod(MethodInvocationHelper.java:132)
at org.testng.internal.TestInvoker.invokeMethod(TestInvoker.java:599)
at org.testng.internal.TestInvoker.invokeTestMethod(TestInvoker.java:174)
at org.testng.internal.MethodRunner.runInSequence(MethodRunner.java:46)
at org.testng.internal.TestInvoker$MethodInvocationAgent.invoke(TestInvoker.java:822)
at org.testng.internal.TestInvoker.invokeTestMethods(TestInvoker.java:147)
at org.testng.internal.TestMethodWorker.invokeTestMethods(TestMethodWorker.java:146)
at org.testng.internal.TestMethodWorker.run(TestMethodWorker.java:128)
at java.base/java.util.ArrayList.forEach(ArrayList.java:1511)
at org.testng.TestRunner.privateRun(TestRunner.java:764)
at org.testng.TestRunner.run(TestRunner.java:585)
at org.testng.SuiteRunner.runTest(SuiteRunner.java:384)
at org.testng.SuiteRunner.runSequentially(SuiteRunner.java:378)
at org.testng.SuiteRunner.privateRun(SuiteRunner.java:337)
at org.testng.SuiteRunner.run(SuiteRunner.java:286)
at org.testng.SuiteRunnerWorker.runSuite(SuiteRunnerWorker.java:53)
at org.testng.SuiteRunnerWorker.run(SuiteRunnerWorker.java:96)
at org.testng.TestNG.runSuitesSequentially(TestNG.java:1218)
at org.testng.TestNG.runSuitesLocally(TestNG.java:1140)
at org.testng.TestNG.runSuites(TestNG.java:1069)
at org.testng.TestNG.run(TestNG.java:1037)
at org.testng.remote.AbstractRemoteTestNG.run(AbstractRemoteTestNG.java:115)
at org.testng.remote.RemoteTestNG.initAndRun(RemoteTestNG.java:251)
at org.testng.remote.RemoteTestNG.main(RemoteTestNG.java:77)
]]>
            </full-stacktrace>
          </exception> <!-- java.lang.AssertionError -->
          <reporter-output>
          </reporter-output>
        </test-method> <!-- verifyLoginWithCorrectCredentials -->
        <test-method is-config="true" signature="postTestAction(org.testng.ITestResult)[pri:0, instance:com.guru99.test.LoginTest@3059cbc]" started-at="2020-10-05T14:21:26 ART" name="postTestAction" finished-at="2020-10-05T14:21:26 ART" duration-ms="438" status="PASS">
          <params>
            <param index="0">
              <value>
                <![CDATA[[TestResult name=verifyLoginWithCorrectCredentials status=FAILURE method=LoginTest.verifyLoginWithCorrectCredentials(java.lang.String, java.lang.String)[pri:0, instance:com.guru99.test.LoginTest@3059cbc] output={null}]]]>
              </value>
            </param>
          </params>
          <reporter-output>
          </reporter-output>
        </test-method> <!-- postTestAction -->
        <test-method is-config="true" signature="tearDown()[pri:0, instance:com.guru99.test.LoginTest@3059cbc]" started-at="2020-10-05T14:21:26 ART" name="tearDown" finished-at="2020-10-05T14:21:27 ART" duration-ms="918" status="PASS">
          <reporter-output>
          </reporter-output>
        </test-method> <!-- tearDown -->
        <test-method is-config="true" signature="postTearDown()[pri:0, instance:com.guru99.test.LoginTest@3059cbc]" started-at="2020-10-05T14:21:27 ART" name="postTearDown" finished-at="2020-10-05T14:21:28 ART" duration-ms="608" status="PASS">
          <reporter-output>
          </reporter-output>
        </test-method> <!-- postTearDown -->
      </class> <!-- com.guru99.test.LoginTest -->
    </test> <!-- Test -->
  </suite> <!-- Suite -->
</testng-results>
